1542939500375	mozrunner::runner	INFO	Running command: "/usr/bin/firefox" "-marionette" "-foreground" "-no-remote" "-profile" "/tmp/rust_mozprofile.QvJrBTo4XFpB"
1542939501487	Marionette	INFO	Listening on port 42071
1542939501579	Marionette	WARN	TLS certificate errors will be ignored for this session
console.error: BroadcastService: 
  receivedBroadcastMessage: handler for
  remote-settings/monitor_changes
  threw error:
  Message: Error: Polling for changes failed: NetworkError when attempting to fetch resource..
  Stack:
    remoteSettingsFunction/remoteSettings.pollChanges@resource://services-settings/remote-settings.js:721:13

JavaScript warning: https://www.googletagmanager.com/gtag/js?id=DC-5832323, line 87: unreachable code after return statement
JavaScript warning: https://www.googletagmanager.com/gtag/js?id=DC-5832323, line 147: unreachable code after return statement
JavaScript warning: https://www.googletagmanager.com/gtag/js?id=DC-5832323, line 147: unreachable code after return statement
JavaScript warning: https://www.googletagmanager.com/gtag/js?id=DC-5832323, line 147: unreachable code after return statement
JavaScript warning: https://www.googletagmanager.com/gtag/js?id=DC-5832323, line 87: unreachable code after return statement
JavaScript warning: https://www.googletagmanager.com/gtag/js?id=DC-5832323, line 147: unreachable code after return statement
1542939627306	Marionette	INFO	Stopped listening on port 42071
[Parent 1050, Gecko_IOThread] WARNING: pipe error (77): Connection reset by peer: file /build/firefox-Qjvn2X/firefox-63.0.3+build1/ipc/chromium/src/chrome/common/ipc_channel_posix.cc, line 356
[Child 1187, Chrome_ChildThread] WARNING: pipe error: Broken pipe: file /build/firefox-Qjvn2X/firefox-63.0.3+build1/ipc/chromium/src/chrome/common/ipc_channel_posix.cc, line 729
[Child 1187, Chrome_ChildThread] WARNING: pipe error: Broken pipe: file /build/firefox-Qjvn2X/firefox-63.0.3+build1/ipc/chromium/src/chrome/common/ipc_channel_posix.cc, line 729
[Child 1187, Chrome_ChildThread] WARNING: pipe error: Broken pipe: file /build/firefox-Qjvn2X/firefox-63.0.3+build1/ipc/chromium/src/chrome/common/ipc_channel_posix.cc, line 729
[Child 1187, Chrome_ChildThread] WARNING: pipe error: Broken pipe: file /build/firefox-Qjvn2X/firefox-63.0.3+build1/ipc/chromium/src/chrome/common/ipc_channel_posix.cc, line 729
[Child 1187, Chrome_ChildThread] WARNING: pipe error: Broken pipe: file /build/firefox-Qjvn2X/firefox-63.0.3+build1/ipc/chromium/src/chrome/common/ipc_channel_posix.cc, line 729
[Child 1187, Chrome_ChildThread] WARNING: pipe error: Broken pipe: file /build/firefox-Qjvn2X/firefox-63.0.3+build1/ipc/chromium/src/chrome/common/ipc_channel_posix.cc, line 729
1542939702214	mozrunner::runner	INFO	Running command: "/usr/bin/firefox" "-marionette" "-foreground" "-no-remote" "-profile" "/tmp/rust_mozprofile.6Ofg0WXRt7ki"
1542939703333	Marionette	INFO	Listening on port 33813
1542939703417	Marionette	WARN	TLS certificate errors will be ignored for this session

###!!! [Child][MessageChannel] Error: (msgtype=0x4C0010,name=PHttpChannel::Msg___delete__) Channel closing: too late to send/recv, messages will be lost


###!!! [Child][RunMessage] Error: Channel closing: too late to send/recv, messages will be lost

[Parent 1633, Gecko_IOThread] WARNING: pipe error (77): Connection reset by peer: file /build/firefox-Qjvn2X/firefox-63.0.3+build1/ipc/chromium/src/chrome/common/ipc_channel_posix.cc, line 356
[Parent 1633, Gecko_IOThread] WARNING: pipe error (101): Connection reset by peer: file /build/firefox-Qjvn2X/firefox-63.0.3+build1/ipc/chromium/src/chrome/common/ipc_channel_posix.cc, line 356
1542939733866	Marionette	INFO	Stopped listening on port 33813
1542939766268	mozrunner::runner	INFO	Running command: "/usr/bin/firefox" "-marionette" "-foreground" "-no-remote" "-profile" "/tmp/rust_mozprofile.i9hYuRxTqdh0"
1542939767409	Marionette	INFO	Listening on port 44899
1542939767475	Marionette	WARN	TLS certificate errors will be ignored for this session

###!!! [Child][MessageChannel] Error: (msgtype=0x580027,name=PNecko::Msg_RemoveRequestContext) Channel closing: too late to send/recv, messages will be lost

[Parent 2117, Gecko_IOThread] WARNING: pipe error (77): Connection reset by peer: file /build/firefox-Qjvn2X/firefox-63.0.3+build1/ipc/chromium/src/chrome/common/ipc_channel_posix.cc, line 356
[Parent 2117, Gecko_IOThread] WARNING: pipe error (98): Connection reset by peer: file /build/firefox-Qjvn2X/firefox-63.0.3+build1/ipc/chromium/src/chrome/common/ipc_channel_posix.cc, line 356
1542939781580	Marionette	INFO	Stopped listening on port 44899
1542939836393	mozrunner::runner	INFO	Running command: "/usr/bin/firefox" "-marionette" "-foreground" "-no-remote" "-profile" "/tmp/rust_mozprofile.V9HAB1Q58m0p"
1542939837579	Marionette	INFO	Listening on port 36139
1542939837605	Marionette	WARN	TLS certificate errors will be ignored for this session
console.error: BroadcastService: 
  receivedBroadcastMessage: handler for
  remote-settings/monitor_changes
  threw error:
  Message: Error: Polling for changes failed: NetworkError when attempting to fetch resource..
  Stack:
    remoteSettingsFunction/remoteSettings.pollChanges@resource://services-settings/remote-settings.js:721:13

JavaScript warning: https://www.googletagmanager.com/gtag/js?id=DC-5832323, line 87: unreachable code after return statement
JavaScript warning: https://www.googletagmanager.com/gtag/js?id=DC-5832323, line 147: unreachable code after return statement
JavaScript warning: https://www.googletagmanager.com/gtag/js?id=DC-5832323, line 147: unreachable code after return statement
JavaScript warning: https://www.googletagmanager.com/gtag/js?id=DC-5832323, line 147: unreachable code after return statement
JavaScript warning: https://www.googletagmanager.com/gtag/js?id=DC-5832323, line 87: unreachable code after return statement
JavaScript warning: https://www.googletagmanager.com/gtag/js?id=DC-5832323, line 147: unreachable code after return statement
1542939963655	Marionette	INFO	Stopped listening on port 36139
[Parent 2528, Gecko_IOThread] WARNING: pipe error (77): Connection reset by peer: file /build/firefox-Qjvn2X/firefox-63.0.3+build1/ipc/chromium/src/chrome/common/ipc_channel_posix.cc, line 356
1542940238030	mozrunner::runner	INFO	Running command: "/usr/bin/firefox" "-marionette" "-foreground" "-no-remote" "-profile" "/tmp/rust_mozprofile.Us9Y8yupbASS"
1542940239152	Marionette	INFO	Listening on port 45263
1542940239234	Marionette	WARN	TLS certificate errors will be ignored for this session
JavaScript warning: https://www.googletagmanager.com/gtag/js?id=DC-5832323, line 87: unreachable code after return statement
JavaScript warning: https://www.googletagmanager.com/gtag/js?id=DC-5832323, line 147: unreachable code after return statement
JavaScript warning: https://www.googletagmanager.com/gtag/js?id=DC-5832323, line 147: unreachable code after return statement
JavaScript warning: https://www.googletagmanager.com/gtag/js?id=DC-5832323, line 147: unreachable code after return statement
JavaScript warning: https://www.googletagmanager.com/gtag/js?id=DC-5832323, line 87: unreachable code after return statement
JavaScript warning: https://www.googletagmanager.com/gtag/js?id=DC-5832323, line 147: unreachable code after return statement
1542940277406	Marionette	INFO	Stopped listening on port 45263
[Parent 4242, Gecko_IOThread] WARNING: pipe error (77): Connection reset by peer: file /build/firefox-Qjvn2X/firefox-63.0.3+build1/ipc/chromium/src/chrome/common/ipc_channel_posix.cc, line 356

###!!! [Child][RunMessage] Error: Channel closing: too late to send/recv, messages will be lost

[Parent 4242, Gecko_IOThread] WARNING: pipe error (118): Connection reset by peer: file /build/firefox-Qjvn2X/firefox-63.0.3+build1/ipc/chromium/src/chrome/common/ipc_channel_posix.cc, line 356
1542940298319	mozrunner::runner	INFO	Running command: "/usr/bin/firefox" "-marionette" "-foreground" "-no-remote" "-profile" "/tmp/rust_mozprofile.AW2XpOCV9WVj"
1542940299566	Marionette	INFO	Listening on port 36681
1542940299623	Marionette	WARN	TLS certificate errors will be ignored for this session
JavaScript warning: https://www.googletagmanager.com/gtag/js?id=DC-5832323, line 87: unreachable code after return statement
JavaScript warning: https://www.googletagmanager.com/gtag/js?id=DC-5832323, line 147: unreachable code after return statement
JavaScript warning: https://www.googletagmanager.com/gtag/js?id=DC-5832323, line 147: unreachable code after return statement
JavaScript warning: https://www.googletagmanager.com/gtag/js?id=DC-5832323, line 147: unreachable code after return statement
JavaScript warning: https://www.googletagmanager.com/gtag/js?id=DC-5832323, line 87: unreachable code after return statement
JavaScript warning: https://www.googletagmanager.com/gtag/js?id=DC-5832323, line 147: unreachable code after return statement
1542940425022	Marionette	INFO	Stopped listening on port 36681
JavaScript error: resource://gre/modules/AsyncShutdown.jsm, line 541: uncaught exception: undefined
JavaScript error: resource://gre/modules/AsyncShutdown.jsm, line 541: uncaught exception: undefined
JavaScript error: resource://gre/modules/AsyncShutdown.jsm, line 541: uncaught exception: undefined
JavaScript error: resource://gre/modules/AsyncShutdown.jsm, line 541: uncaught exception: undefined
[Parent 4524, Gecko_IOThread] WARNING: pipe error (77): Connection reset by peer: file /build/firefox-Qjvn2X/firefox-63.0.3+build1/ipc/chromium/src/chrome/common/ipc_channel_posix.cc, line 356
1542940429348	mozrunner::runner	INFO	Running command: "/usr/bin/firefox" "-marionette" "-foreground" "-no-remote" "-profile" "/tmp/rust_mozprofile.Slc3dxHOuBB4"
1542940430454	Marionette	INFO	Listening on port 38583
1542940430552	Marionette	WARN	TLS certificate errors will be ignored for this session
[Parent 5303, Gecko_IOThread] WARNING: pipe error (77): Connection reset by peer: file /build/firefox-Qjvn2X/firefox-63.0.3+build1/ipc/chromium/src/chrome/common/ipc_channel_posix.cc, line 356
[Parent 5303, Gecko_IOThread] WARNING: pipe error (80): Connection reset by peer: file /build/firefox-Qjvn2X/firefox-63.0.3+build1/ipc/chromium/src/chrome/common/ipc_channel_posix.cc, line 356
1542940469324	Marionette	INFO	Stopped listening on port 38583
1542940498127	mozrunner::runner	INFO	Running command: "/usr/bin/firefox" "-marionette" "-foreground" "-no-remote" "-profile" "/tmp/rust_mozprofile.yKqitevVfiF1"
1542940499251	Marionette	INFO	Listening on port 44435
1542940499330	Marionette	WARN	TLS certificate errors will be ignored for this session
JavaScript warning: https://www.googletagmanager.com/gtag/js?id=DC-5832323, line 87: unreachable code after return statement
JavaScript warning: https://www.googletagmanager.com/gtag/js?id=DC-5832323, line 147: unreachable code after return statement
JavaScript warning: https://www.googletagmanager.com/gtag/js?id=DC-5832323, line 147: unreachable code after return statement
JavaScript warning: https://www.googletagmanager.com/gtag/js?id=DC-5832323, line 147: unreachable code after return statement
JavaScript warning: https://www.googletagmanager.com/gtag/js?id=DC-5832323, line 87: unreachable code after return statement
JavaScript warning: https://www.googletagmanager.com/gtag/js?id=DC-5832323, line 147: unreachable code after return statement
1542940674701	mozrunner::runner	INFO	Running command: "/usr/bin/firefox" "-marionette" "-foreground" "-no-remote" "-profile" "/tmp/rust_mozprofile.GvV0LzjvkTnw"
1542940675801	Marionette	INFO	Listening on port 41191
1542940675812	Marionette	WARN	TLS certificate errors will be ignored for this session
[Parent 5678, Gecko_IOThread] WARNING: pipe error (77): Connection reset by peer: file /build/firefox-Qjvn2X/firefox-63.0.3+build1/ipc/chromium/src/chrome/common/ipc_channel_posix.cc, line 356
[Parent 5678, Gecko_IOThread] WARNING: pipe error (91): Connection reset by peer: file /build/firefox-Qjvn2X/firefox-63.0.3+build1/ipc/chromium/src/chrome/common/ipc_channel_posix.cc, line 356
1542940701331	Marionette	INFO	Stopped listening on port 44435
[Parent 6227, Gecko_IOThread] WARNING: pipe error (80): Connection reset by peer: file /build/firefox-Qjvn2X/firefox-63.0.3+build1/ipc/chromium/src/chrome/common/ipc_channel_posix.cc, line 356
[Parent 6227, Gecko_IOThread] WARNING: pipe error (77): Connection reset by peer: file /build/firefox-Qjvn2X/firefox-63.0.3+build1/ipc/chromium/src/chrome/common/ipc_channel_posix.cc, line 356
1542940762398	Marionette	INFO	Stopped listening on port 41191
1542940766750	mozrunner::runner	INFO	Running command: "/usr/bin/firefox" "-marionette" "-foreground" "-no-remote" "-profile" "/tmp/rust_mozprofile.tVVdw4d8rpKx"
1542940767958	Marionette	INFO	Listening on port 40001
1542940768063	Marionette	WARN	TLS certificate errors will be ignored for this session
JavaScript warning: https://www.googletagmanager.com/gtag/js?id=DC-5832323, line 87: unreachable code after return statement
JavaScript warning: https://www.googletagmanager.com/gtag/js?id=DC-5832323, line 147: unreachable code after return statement
JavaScript warning: https://www.googletagmanager.com/gtag/js?id=DC-5832323, line 147: unreachable code after return statement
JavaScript warning: https://www.googletagmanager.com/gtag/js?id=DC-5832323, line 147: unreachable code after return statement
JavaScript warning: https://www.googletagmanager.com/gtag/js?id=DC-5832323, line 87: unreachable code after return statement
JavaScript warning: https://www.googletagmanager.com/gtag/js?id=DC-5832323, line 147: unreachable code after return statement
console.error: BroadcastService: 
  receivedBroadcastMessage: handler for
  remote-settings/monitor_changes
  threw error:
  Message: Error: Polling for changes failed: NetworkError when attempting to fetch resource..
  Stack:
    remoteSettingsFunction/remoteSettings.pollChanges@resource://services-settings/remote-settings.js:721:13

[Parent 6725, Gecko_IOThread] WARNING: pipe error (77): Connection reset by peer: file /build/firefox-Qjvn2X/firefox-63.0.3+build1/ipc/chromium/src/chrome/common/ipc_channel_posix.cc, line 356
[Parent 6725, Gecko_IOThread] WARNING: pipe error (64): Connection reset by peer: file /build/firefox-Qjvn2X/firefox-63.0.3+build1/ipc/chromium/src/chrome/common/ipc_channel_posix.cc, line 356
1542941041039	Marionette	INFO	Stopped listening on port 40001
1542941043449	mozrunner::runner	INFO	Running command: "/usr/bin/firefox" "-marionette" "-foreground" "-no-remote" "-profile" "/tmp/rust_mozprofile.HI96vRQLdDag"
1542941044583	Marionette	INFO	Listening on port 46217
1542941044655	Marionette	WARN	TLS certificate errors will be ignored for this session
JavaScript warning: https://www.googletagmanager.com/gtag/js?id=DC-5832323, line 87: unreachable code after return statement
JavaScript warning: https://www.googletagmanager.com/gtag/js?id=DC-5832323, line 147: unreachable code after return statement
JavaScript warning: https://www.googletagmanager.com/gtag/js?id=DC-5832323, line 147: unreachable code after return statement
JavaScript warning: https://www.googletagmanager.com/gtag/js?id=DC-5832323, line 147: unreachable code after return statement
JavaScript warning: https://www.googletagmanager.com/gtag/js?id=DC-5832323, line 87: unreachable code after return statement
JavaScript warning: https://www.googletagmanager.com/gtag/js?id=DC-5832323, line 147: unreachable code after return statement
1542941079726	Marionette	INFO	Stopped listening on port 46217
[Parent 7115, Gecko_IOThread] WARNING: pipe error (77): Connection reset by peer: file /build/firefox-Qjvn2X/firefox-63.0.3+build1/ipc/chromium/src/chrome/common/ipc_channel_posix.cc, line 356
1542941747094	mozrunner::runner	INFO	Running command: "/usr/bin/firefox" "-marionette" "-foreground" "-no-remote" "-profile" "/tmp/rust_mozprofile.e1aIQ3les8Jb"
1542941748239	Marionette	INFO	Listening on port 40417
1542941748298	Marionette	WARN	TLS certificate errors will be ignored for this session
JavaScript warning: https://www.googletagmanager.com/gtag/js?id=DC-5832323, line 87: unreachable code after return statement
JavaScript warning: https://www.googletagmanager.com/gtag/js?id=DC-5832323, line 147: unreachable code after return statement
JavaScript warning: https://www.googletagmanager.com/gtag/js?id=DC-5832323, line 147: unreachable code after return statement
JavaScript warning: https://www.googletagmanager.com/gtag/js?id=DC-5832323, line 147: unreachable code after return statement
JavaScript warning: https://www.googletagmanager.com/gtag/js?id=DC-5832323, line 87: unreachable code after return statement
JavaScript warning: https://www.googletagmanager.com/gtag/js?id=DC-5832323, line 147: unreachable code after return statement
console.error: BroadcastService: 
  receivedBroadcastMessage: handler for
  remote-settings/monitor_changes
  threw error:
  Message: Error: Polling for changes failed: NetworkError when attempting to fetch resource..
  Stack:
    remoteSettingsFunction/remoteSettings.pollChanges@resource://services-settings/remote-settings.js:721:13

1542941791928	Marionette	INFO	Stopped listening on port 40417
[Parent 7834, Gecko_IOThread] WARNING: pipe error (77): Connection reset by peer: file /build/firefox-Qjvn2X/firefox-63.0.3+build1/ipc/chromium/src/chrome/common/ipc_channel_posix.cc, line 356
1542942866128	mozrunner::runner	INFO	Running command: "/usr/bin/firefox" "-marionette" "-foreground" "-no-remote" "-profile" "/tmp/rust_mozprofile.kTuRpFY3xfEH"
1542942867238	Marionette	INFO	Listening on port 39489
1542942867339	Marionette	WARN	TLS certificate errors will be ignored for this session
JavaScript warning: https://www.googletagmanager.com/gtag/js?id=DC-5832323, line 87: unreachable code after return statement
JavaScript warning: https://www.googletagmanager.com/gtag/js?id=DC-5832323, line 147: unreachable code after return statement
JavaScript warning: https://www.googletagmanager.com/gtag/js?id=DC-5832323, line 147: unreachable code after return statement
JavaScript warning: https://www.googletagmanager.com/gtag/js?id=DC-5832323, line 147: unreachable code after return statement
JavaScript warning: https://www.googletagmanager.com/gtag/js?id=DC-5832323, line 87: unreachable code after return statement
JavaScript warning: https://www.googletagmanager.com/gtag/js?id=DC-5832323, line 147: unreachable code after return statement
console.error: BroadcastService: 
  receivedBroadcastMessage: handler for
  remote-settings/monitor_changes
  threw error:
  Message: Error: Polling for changes failed: NetworkError when attempting to fetch resource..
  Stack:
    remoteSettingsFunction/remoteSettings.pollChanges@resource://services-settings/remote-settings.js:721:13

1542942933031	mozrunner::runner	INFO	Running command: "/usr/bin/firefox" "-marionette" "-foreground" "-no-remote" "-profile" "/tmp/rust_mozprofile.UAx2NWsidJZ3"
1542942934130	Marionette	INFO	Listening on port 41715
1542942934141	Marionette	WARN	TLS certificate errors will be ignored for this session
[Parent 8701, Gecko_IOThread] WARNING: pipe error (77): Connection reset by peer: file /build/firefox-Qjvn2X/firefox-63.0.3+build1/ipc/chromium/src/chrome/common/ipc_channel_posix.cc, line 356
[Parent 8701, Gecko_IOThread] WARNING: pipe error (91): Connection reset by peer: file /build/firefox-Qjvn2X/firefox-63.0.3+build1/ipc/chromium/src/chrome/common/ipc_channel_posix.cc, line 356
1542942937702	Marionette	INFO	Stopped listening on port 39489
JavaScript warning: https://www.googletagmanager.com/gtag/js?id=DC-5832323, line 87: unreachable code after return statement
JavaScript warning: https://www.googletagmanager.com/gtag/js?id=DC-5832323, line 147: unreachable code after return statement
JavaScript warning: https://www.googletagmanager.com/gtag/js?id=DC-5832323, line 147: unreachable code after return statement
JavaScript warning: https://www.googletagmanager.com/gtag/js?id=DC-5832323, line 147: unreachable code after return statement
JavaScript warning: https://www.googletagmanager.com/gtag/js?id=DC-5832323, line 87: unreachable code after return statement
JavaScript warning: https://www.googletagmanager.com/gtag/js?id=DC-5832323, line 147: unreachable code after return statement
1542942969317	Marionette	INFO	Stopped listening on port 41715
[Parent 9008, Gecko_IOThread] WARNING: pipe error (77): Connection reset by peer: file /build/firefox-Qjvn2X/firefox-63.0.3+build1/ipc/chromium/src/chrome/common/ipc_channel_posix.cc, line 356
[Parent 9008, Gecko_IOThread] WARNING: pipe error (94): Connection reset by peer: file /build/firefox-Qjvn2X/firefox-63.0.3+build1/ipc/chromium/src/chrome/common/ipc_channel_posix.cc, line 356
1542943041894	mozrunner::runner	INFO	Running command: "/usr/bin/firefox" "-marionette" "-foreground" "-no-remote" "-profile" "/tmp/rust_mozprofile.82Ll9Vk0Bd5f"
1542943042993	Marionette	INFO	Listening on port 45371
1542943043002	Marionette	WARN	TLS certificate errors will be ignored for this session
JavaScript warning: https://www.googletagmanager.com/gtag/js?id=DC-5832323, line 87: unreachable code after return statement
JavaScript warning: https://www.googletagmanager.com/gtag/js?id=DC-5832323, line 147: unreachable code after return statement
JavaScript warning: https://www.googletagmanager.com/gtag/js?id=DC-5832323, line 147: unreachable code after return statement
JavaScript warning: https://www.googletagmanager.com/gtag/js?id=DC-5832323, line 147: unreachable code after return statement
JavaScript warning: https://www.googletagmanager.com/gtag/js?id=DC-5832323, line 87: unreachable code after return statement
JavaScript warning: https://www.googletagmanager.com/gtag/js?id=DC-5832323, line 147: unreachable code after return statement
console.error: BroadcastService: 
  receivedBroadcastMessage: handler for
  remote-settings/monitor_changes
  threw error:
  Message: Error: Polling for changes failed: NetworkError when attempting to fetch resource..
  Stack:
    remoteSettingsFunction/remoteSettings.pollChanges@resource://services-settings/remote-settings.js:721:13

1542943079033	Marionette	INFO	Stopped listening on port 45371
[Parent 9334, Gecko_IOThread] WARNING: pipe error (77): Connection reset by peer: file /build/firefox-Qjvn2X/firefox-63.0.3+build1/ipc/chromium/src/chrome/common/ipc_channel_posix.cc, line 356
1542943227757	mozrunner::runner	INFO	Running command: "/usr/bin/firefox" "-marionette" "-foreground" "-no-remote" "-profile" "/tmp/rust_mozprofile.ZUJlo7m4svLj"
1542943228872	Marionette	INFO	Listening on port 43561
1542943228961	Marionette	WARN	TLS certificate errors will be ignored for this session
JavaScript warning: https://www.googletagmanager.com/gtag/js?id=DC-5832323, line 87: unreachable code after return statement
JavaScript warning: https://www.googletagmanager.com/gtag/js?id=DC-5832323, line 147: unreachable code after return statement
JavaScript warning: https://www.googletagmanager.com/gtag/js?id=DC-5832323, line 147: unreachable code after return statement
JavaScript warning: https://www.googletagmanager.com/gtag/js?id=DC-5832323, line 147: unreachable code after return statement
JavaScript warning: https://www.googletagmanager.com/gtag/js?id=DC-5832323, line 87: unreachable code after return statement
JavaScript warning: https://www.googletagmanager.com/gtag/js?id=DC-5832323, line 147: unreachable code after return statement
1542943244052	Marionette	INFO	Stopped listening on port 43561
[Parent 9709, Gecko_IOThread] WARNING: pipe error (77): Connection reset by peer: file /build/firefox-Qjvn2X/firefox-63.0.3+build1/ipc/chromium/src/chrome/common/ipc_channel_posix.cc, line 356
[Parent 9709, Gecko_IOThread] WARNING: pipe error (98): Connection reset by peer: file /build/firefox-Qjvn2X/firefox-63.0.3+build1/ipc/chromium/src/chrome/common/ipc_channel_posix.cc, line 356
[Parent 9709, Gecko_IOThread] WARNING: pipe error (60): Connection reset by peer: file /build/firefox-Qjvn2X/firefox-63.0.3+build1/ipc/chromium/src/chrome/common/ipc_channel_posix.cc, line 356
1542943248364	mozrunner::runner	INFO	Running command: "/usr/bin/firefox" "-marionette" "-foreground" "-no-remote" "-profile" "/tmp/rust_mozprofile.LAvkdCq00FCq"
1542943249484	Marionette	INFO	Listening on port 36499
1542943249577	Marionette	WARN	TLS certificate errors will be ignored for this session
JavaScript warning: https://www.googletagmanager.com/gtag/js?id=DC-5832323, line 87: unreachable code after return statement
JavaScript warning: https://www.googletagmanager.com/gtag/js?id=DC-5832323, line 147: unreachable code after return statement
JavaScript warning: https://www.googletagmanager.com/gtag/js?id=DC-5832323, line 147: unreachable code after return statement
JavaScript warning: https://www.googletagmanager.com/gtag/js?id=DC-5832323, line 147: unreachable code after return statement
JavaScript warning: https://www.googletagmanager.com/gtag/js?id=DC-5832323, line 87: unreachable code after return statement
JavaScript warning: https://www.googletagmanager.com/gtag/js?id=DC-5832323, line 147: unreachable code after return statement
console.error: BroadcastService: 
  receivedBroadcastMessage: handler for
  remote-settings/monitor_changes
  threw error:
  Message: Error: Polling for changes failed: NetworkError when attempting to fetch resource..
  Stack:
    remoteSettingsFunction/remoteSettings.pollChanges@resource://services-settings/remote-settings.js:721:13

1542943270886	Marionette	INFO	Stopped listening on port 36499
[Parent 10008, Gecko_IOThread] WARNING: pipe error (77): Connection reset by peer: file /build/firefox-Qjvn2X/firefox-63.0.3+build1/ipc/chromium/src/chrome/common/ipc_channel_posix.cc, line 356
1542943303703	mozrunner::runner	INFO	Running command: "/usr/bin/firefox" "-marionette" "-foreground" "-no-remote" "-profile" "/tmp/rust_mozprofile.vlwxWFXOnKvt"
1542943304849	Marionette	INFO	Listening on port 32983
1542943304907	Marionette	WARN	TLS certificate errors will be ignored for this session
JavaScript warning: https://www.googletagmanager.com/gtag/js?id=DC-5832323, line 87: unreachable code after return statement
JavaScript warning: https://www.googletagmanager.com/gtag/js?id=DC-5832323, line 147: unreachable code after return statement
JavaScript warning: https://www.googletagmanager.com/gtag/js?id=DC-5832323, line 147: unreachable code after return statement
JavaScript warning: https://www.googletagmanager.com/gtag/js?id=DC-5832323, line 147: unreachable code after return statement
JavaScript warning: https://www.googletagmanager.com/gtag/js?id=DC-5832323, line 87: unreachable code after return statement
JavaScript warning: https://www.googletagmanager.com/gtag/js?id=DC-5832323, line 147: unreachable code after return statement
1542943323171	Marionette	INFO	Stopped listening on port 32983
[Parent 10296, Gecko_IOThread] WARNING: pipe error (77): Connection reset by peer: file /build/firefox-Qjvn2X/firefox-63.0.3+build1/ipc/chromium/src/chrome/common/ipc_channel_posix.cc, line 356
1542943411366	mozrunner::runner	INFO	Running command: "/usr/bin/firefox" "-marionette" "-foreground" "-no-remote" "-profile" "/tmp/rust_mozprofile.HyPVkfi7p9He"
1542943412496	Marionette	INFO	Listening on port 37679
1542943412569	Marionette	WARN	TLS certificate errors will be ignored for this session
JavaScript warning: https://www.googletagmanager.com/gtag/js?id=DC-5832323, line 87: unreachable code after return statement
JavaScript warning: https://www.googletagmanager.com/gtag/js?id=DC-5832323, line 147: unreachable code after return statement
JavaScript warning: https://www.googletagmanager.com/gtag/js?id=DC-5832323, line 147: unreachable code after return statement
JavaScript warning: https://www.googletagmanager.com/gtag/js?id=DC-5832323, line 147: unreachable code after return statement
JavaScript warning: https://www.googletagmanager.com/gtag/js?id=DC-5832323, line 87: unreachable code after return statement
JavaScript warning: https://www.googletagmanager.com/gtag/js?id=DC-5832323, line 147: unreachable code after return statement
1542943429267	Marionette	INFO	Stopped listening on port 37679

###!!! [Child][RunMessage] Error: Channel closing: too late to send/recv, messages will be lost

[Parent 10627, Gecko_IOThread] WARNING: pipe error (77): Connection reset by peer: file /build/firefox-Qjvn2X/firefox-63.0.3+build1/ipc/chromium/src/chrome/common/ipc_channel_posix.cc, line 356
1542943546438	mozrunner::runner	INFO	Running command: "/usr/bin/firefox" "-marionette" "-foreground" "-no-remote" "-profile" "/tmp/rust_mozprofile.7pmp5jsRACSc"
1542943547542	Marionette	INFO	Listening on port 34251
1542943547641	Marionette	WARN	TLS certificate errors will be ignored for this session
JavaScript warning: https://www.googletagmanager.com/gtag/js?id=DC-5832323, line 87: unreachable code after return statement
JavaScript warning: https://www.googletagmanager.com/gtag/js?id=DC-5832323, line 147: unreachable code after return statement
JavaScript warning: https://www.googletagmanager.com/gtag/js?id=DC-5832323, line 147: unreachable code after return statement
JavaScript warning: https://www.googletagmanager.com/gtag/js?id=DC-5832323, line 147: unreachable code after return statement
JavaScript warning: https://www.googletagmanager.com/gtag/js?id=DC-5832323, line 87: unreachable code after return statement
JavaScript warning: https://www.googletagmanager.com/gtag/js?id=DC-5832323, line 147: unreachable code after return statement
1542943564784	Marionette	INFO	Stopped listening on port 34251
[Parent 10942, Gecko_IOThread] WARNING: pipe error (77): Connection reset by peer: file /build/firefox-Qjvn2X/firefox-63.0.3+build1/ipc/chromium/src/chrome/common/ipc_channel_posix.cc, line 356
1542943642176	mozrunner::runner	INFO	Running command: "/usr/bin/firefox" "-marionette" "-foreground" "-no-remote" "-profile" "/tmp/rust_mozprofile.uHMWl3B0CU7c"
1542943643279	Marionette	INFO	Listening on port 39427
1542943643380	Marionette	WARN	TLS certificate errors will be ignored for this session
JavaScript warning: https://www.googletagmanager.com/gtag/js?id=DC-5832323, line 87: unreachable code after return statement
JavaScript warning: https://www.googletagmanager.com/gtag/js?id=DC-5832323, line 147: unreachable code after return statement
JavaScript warning: https://www.googletagmanager.com/gtag/js?id=DC-5832323, line 147: unreachable code after return statement
JavaScript warning: https://www.googletagmanager.com/gtag/js?id=DC-5832323, line 147: unreachable code after return statement
JavaScript warning: https://www.googletagmanager.com/gtag/js?id=DC-5832323, line 87: unreachable code after return statement
JavaScript warning: https://www.googletagmanager.com/gtag/js?id=DC-5832323, line 147: unreachable code after return statement
1542943659225	Marionette	INFO	Stopped listening on port 39427
[Parent 11277, Gecko_IOThread] WARNING: pipe error (77): Connection reset by peer: file /build/firefox-Qjvn2X/firefox-63.0.3+build1/ipc/chromium/src/chrome/common/ipc_channel_posix.cc, line 356
1542944464701	mozrunner::runner	INFO	Running command: "/usr/bin/firefox" "-marionette" "-headless" "-foreground" "-no-remote" "-profile" "/tmp/rust_mozprofile.UqMTBboijd5n"
*** You are running in headless mode.
1542944465717	Marionette	INFO	Listening on port 46515
1542944465812	Marionette	WARN	TLS certificate errors will be ignored for this session
JavaScript warning: https://www.googletagmanager.com/gtag/js?id=DC-5832323, line 87: unreachable code after return statement
JavaScript warning: https://www.googletagmanager.com/gtag/js?id=DC-5832323, line 147: unreachable code after return statement
JavaScript warning: https://www.googletagmanager.com/gtag/js?id=DC-5832323, line 147: unreachable code after return statement
JavaScript warning: https://www.googletagmanager.com/gtag/js?id=DC-5832323, line 147: unreachable code after return statement
JavaScript warning: https://www.googletagmanager.com/gtag/js?id=DC-5832323, line 87: unreachable code after return statement
JavaScript warning: https://www.googletagmanager.com/gtag/js?id=DC-5832323, line 147: unreachable code after return statement
1542944482912	Marionette	INFO	Stopped listening on port 46515

###!!! [Child][RunMessage] Error: Channel closing: too late to send/recv, messages will be lost

[Parent 11972, Gecko_IOThread] WARNING: pipe error (63): Connection reset by peer: file /build/firefox-Qjvn2X/firefox-63.0.3+build1/ipc/chromium/src/chrome/common/ipc_channel_posix.cc, line 356
1542944516424	mozrunner::runner	INFO	Running command: "/usr/bin/firefox" "-marionette" "-headless" "-foreground" "-no-remote" "-profile" "/tmp/rust_mozprofile.CxBBpI9Barpf"
*** You are running in headless mode.
1542944517475	Marionette	INFO	Listening on port 44955
1542944517527	Marionette	WARN	TLS certificate errors will be ignored for this session
JavaScript warning: https://www.googletagmanager.com/gtag/js?id=DC-5832323, line 87: unreachable code after return statement
JavaScript warning: https://www.googletagmanager.com/gtag/js?id=DC-5832323, line 147: unreachable code after return statement
JavaScript warning: https://www.googletagmanager.com/gtag/js?id=DC-5832323, line 147: unreachable code after return statement
JavaScript warning: https://www.googletagmanager.com/gtag/js?id=DC-5832323, line 147: unreachable code after return statement
JavaScript warning: https://www.googletagmanager.com/gtag/js?id=DC-5832323, line 87: unreachable code after return statement
JavaScript warning: https://www.googletagmanager.com/gtag/js?id=DC-5832323, line 147: unreachable code after return statement
1542944533098	Marionette	INFO	Stopped listening on port 44955
[Parent 12248, Gecko_IOThread] WARNING: pipe error (63): Connection reset by peer: file /build/firefox-Qjvn2X/firefox-63.0.3+build1/ipc/chromium/src/chrome/common/ipc_channel_posix.cc, line 356
1542944667869	mozrunner::runner	INFO	Running command: "/usr/bin/firefox" "-marionette" "-headless" "-foreground" "-no-remote" "-profile" "/tmp/rust_mozprofile.kcDkPmDteNu9"
*** You are running in headless mode.
1542944668925	Marionette	INFO	Listening on port 42663
1542944668972	Marionette	WARN	TLS certificate errors will be ignored for this session
JavaScript warning: https://www.googletagmanager.com/gtag/js?id=DC-5832323, line 87: unreachable code after return statement
JavaScript warning: https://www.googletagmanager.com/gtag/js?id=DC-5832323, line 147: unreachable code after return statement
JavaScript warning: https://www.googletagmanager.com/gtag/js?id=DC-5832323, line 147: unreachable code after return statement
JavaScript warning: https://www.googletagmanager.com/gtag/js?id=DC-5832323, line 147: unreachable code after return statement
JavaScript warning: https://www.googletagmanager.com/gtag/js?id=DC-5832323, line 87: unreachable code after return statement
JavaScript warning: https://www.googletagmanager.com/gtag/js?id=DC-5832323, line 147: unreachable code after return statement
console.error: BroadcastService: 
  receivedBroadcastMessage: handler for
  remote-settings/monitor_changes
  threw error:
  Message: Error: Polling for changes failed: NetworkError when attempting to fetch resource..
  Stack:
    remoteSettingsFunction/remoteSettings.pollChanges@resource://services-settings/remote-settings.js:721:13

1542944706634	Marionette	INFO	Stopped listening on port 42663
[Parent 12647, Gecko_IOThread] WARNING: pipe error (63): Connection reset by peer: file /build/firefox-Qjvn2X/firefox-63.0.3+build1/ipc/chromium/src/chrome/common/ipc_channel_posix.cc, line 356
1542944750786	mozrunner::runner	INFO	Running command: "/usr/bin/firefox" "-marionette" "-foreground" "-no-remote" "-profile" "/tmp/rust_mozprofile.FCOW58zJqZ1j"
1542944751923	Marionette	INFO	Listening on port 35713
1542944751990	Marionette	WARN	TLS certificate errors will be ignored for this session
JavaScript warning: https://www.googletagmanager.com/gtag/js?id=DC-5832323, line 87: unreachable code after return statement
JavaScript warning: https://www.googletagmanager.com/gtag/js?id=DC-5832323, line 147: unreachable code after return statement
JavaScript warning: https://www.googletagmanager.com/gtag/js?id=DC-5832323, line 147: unreachable code after return statement
JavaScript warning: https://www.googletagmanager.com/gtag/js?id=DC-5832323, line 147: unreachable code after return statement
JavaScript warning: https://www.googletagmanager.com/gtag/js?id=DC-5832323, line 87: unreachable code after return statement
JavaScript warning: https://www.googletagmanager.com/gtag/js?id=DC-5832323, line 147: unreachable code after return statement
1542944768588	Marionette	INFO	Stopped listening on port 35713
[Parent 12942, Gecko_IOThread] WARNING: pipe error (77): Connection reset by peer: file /build/firefox-Qjvn2X/firefox-63.0.3+build1/ipc/chromium/src/chrome/common/ipc_channel_posix.cc, line 356
1542944791158	mozrunner::runner	INFO	Running command: "/usr/bin/firefox" "-marionette" "-foreground" "-no-remote" "-profile" "/tmp/rust_mozprofile.IlmlznQlg172"
1542944792289	Marionette	INFO	Listening on port 45261
1542944792361	Marionette	WARN	TLS certificate errors will be ignored for this session
JavaScript warning: https://www.googletagmanager.com/gtag/js?id=DC-5832323, line 87: unreachable code after return statement
JavaScript warning: https://www.googletagmanager.com/gtag/js?id=DC-5832323, line 147: unreachable code after return statement
JavaScript warning: https://www.googletagmanager.com/gtag/js?id=DC-5832323, line 147: unreachable code after return statement
JavaScript warning: https://www.googletagmanager.com/gtag/js?id=DC-5832323, line 147: unreachable code after return statement
JavaScript warning: https://www.googletagmanager.com/gtag/js?id=DC-5832323, line 87: unreachable code after return statement
JavaScript warning: https://www.googletagmanager.com/gtag/js?id=DC-5832323, line 147: unreachable code after return statement
1542944828487	Marionette	INFO	Stopped listening on port 45261
[Parent 13231, Gecko_IOThread] WARNING: pipe error (77): Connection reset by peer: file /build/firefox-Qjvn2X/firefox-63.0.3+build1/ipc/chromium/src/chrome/common/ipc_channel_posix.cc, line 356
1542945773445	mozrunner::runner	INFO	Running command: "/usr/bin/firefox" "-marionette" "-foreground" "-no-remote" "-profile" "/tmp/rust_mozprofile.9ReoGLP3MJoY"
1542945774587	Marionette	INFO	Listening on port 40267
1542945774649	Marionette	WARN	TLS certificate errors will be ignored for this session
JavaScript warning: https://www.googletagmanager.com/gtag/js?id=DC-5832323, line 87: unreachable code after return statement
JavaScript warning: https://www.googletagmanager.com/gtag/js?id=DC-5832323, line 147: unreachable code after return statement
JavaScript warning: https://www.googletagmanager.com/gtag/js?id=DC-5832323, line 147: unreachable code after return statement
JavaScript warning: https://www.googletagmanager.com/gtag/js?id=DC-5832323, line 147: unreachable code after return statement
JavaScript warning: https://www.googletagmanager.com/gtag/js?id=DC-5832323, line 87: unreachable code after return statement
JavaScript warning: https://www.googletagmanager.com/gtag/js?id=DC-5832323, line 147: unreachable code after return statement
console.error: BroadcastService: 
  receivedBroadcastMessage: handler for
  remote-settings/monitor_changes
  threw error:
  Message: Error: Polling for changes failed: NetworkError when attempting to fetch resource..
  Stack:
    remoteSettingsFunction/remoteSettings.pollChanges@resource://services-settings/remote-settings.js:721:13

1542945820858	Marionette	INFO	Stopped listening on port 40267
[Parent 14501, Gecko_IOThread] WARNING: pipe error (77): Connection reset by peer: file /build/firefox-Qjvn2X/firefox-63.0.3+build1/ipc/chromium/src/chrome/common/ipc_channel_posix.cc, line 356
1542945884514	mozrunner::runner	INFO	Running command: "/usr/bin/firefox" "-marionette" "-headless" "-foreground" "-no-remote" "-profile" "/tmp/rust_mozprofile.NMPuavoFzN3i"
*** You are running in headless mode.
1542945885562	Marionette	INFO	Listening on port 44183
1542945885617	Marionette	WARN	TLS certificate errors will be ignored for this session
JavaScript warning: https://www.googletagmanager.com/gtag/js?id=DC-5832323, line 87: unreachable code after return statement
JavaScript warning: https://www.googletagmanager.com/gtag/js?id=DC-5832323, line 147: unreachable code after return statement
JavaScript warning: https://www.googletagmanager.com/gtag/js?id=DC-5832323, line 147: unreachable code after return statement
JavaScript warning: https://www.googletagmanager.com/gtag/js?id=DC-5832323, line 147: unreachable code after return statement
JavaScript warning: https://www.googletagmanager.com/gtag/js?id=DC-5832323, line 87: unreachable code after return statement
JavaScript warning: https://www.googletagmanager.com/gtag/js?id=DC-5832323, line 147: unreachable code after return statement
console.error: BroadcastService: 
  receivedBroadcastMessage: handler for
  remote-settings/monitor_changes
  threw error:
  Message: Error: Polling for changes failed: NetworkError when attempting to fetch resource..
  Stack:
    remoteSettingsFunction/remoteSettings.pollChanges@resource://services-settings/remote-settings.js:721:13

1542945919095	Marionette	INFO	Stopped listening on port 44183
[Parent 14858, Gecko_IOThread] WARNING: pipe error (63): Connection reset by peer: file /build/firefox-Qjvn2X/firefox-63.0.3+build1/ipc/chromium/src/chrome/common/ipc_channel_posix.cc, line 356
1542945929059	mozrunner::runner	INFO	Running command: "/usr/bin/firefox" "-marionette" "-headless" "-foreground" "-no-remote" "-profile" "/tmp/rust_mozprofile.yrAbvbIzK2ft"
*** You are running in headless mode.
1542945930124	Marionette	INFO	Listening on port 44519
1542945930171	Marionette	WARN	TLS certificate errors will be ignored for this session
JavaScript warning: https://www.googletagmanager.com/gtag/js?id=DC-5832323, line 87: unreachable code after return statement
JavaScript warning: https://www.googletagmanager.com/gtag/js?id=DC-5832323, line 147: unreachable code after return statement
JavaScript warning: https://www.googletagmanager.com/gtag/js?id=DC-5832323, line 147: unreachable code after return statement
JavaScript warning: https://www.googletagmanager.com/gtag/js?id=DC-5832323, line 147: unreachable code after return statement
JavaScript warning: https://www.googletagmanager.com/gtag/js?id=DC-5832323, line 87: unreachable code after return statement
JavaScript warning: https://www.googletagmanager.com/gtag/js?id=DC-5832323, line 147: unreachable code after return statement
console.error: BroadcastService: 
  receivedBroadcastMessage: handler for
  remote-settings/monitor_changes
  threw error:
  Message: Error: Polling for changes failed: NetworkError when attempting to fetch resource..
  Stack:
    remoteSettingsFunction/remoteSettings.pollChanges@resource://services-settings/remote-settings.js:721:13

1542945963288	Marionette	INFO	Stopped listening on port 44519
[Parent 15144, Gecko_IOThread] WARNING: pipe error (63): Connection reset by peer: file /build/firefox-Qjvn2X/firefox-63.0.3+build1/ipc/chromium/src/chrome/common/ipc_channel_posix.cc, line 356
1542945967487	mozrunner::runner	INFO	Running command: "/usr/bin/firefox" "-marionette" "-headless" "-foreground" "-no-remote" "-profile" "/tmp/rust_mozprofile.d8ragT6j1y31"
*** You are running in headless mode.
1542945968567	Marionette	INFO	Listening on port 41051
1542945968597	Marionette	WARN	TLS certificate errors will be ignored for this session
JavaScript warning: https://www.googletagmanager.com/gtag/js?id=DC-5832323, line 87: unreachable code after return statement
JavaScript warning: https://www.googletagmanager.com/gtag/js?id=DC-5832323, line 147: unreachable code after return statement
JavaScript warning: https://www.googletagmanager.com/gtag/js?id=DC-5832323, line 147: unreachable code after return statement
JavaScript warning: https://www.googletagmanager.com/gtag/js?id=DC-5832323, line 147: unreachable code after return statement
JavaScript warning: https://www.googletagmanager.com/gtag/js?id=DC-5832323, line 87: unreachable code after return statement
JavaScript warning: https://www.googletagmanager.com/gtag/js?id=DC-5832323, line 147: unreachable code after return statement
console.error: BroadcastService: 
  receivedBroadcastMessage: handler for
  remote-settings/monitor_changes
  threw error:
  Message: Error: Polling for changes failed: NetworkError when attempting to fetch resource..
  Stack:
    remoteSettingsFunction/remoteSettings.pollChanges@resource://services-settings/remote-settings.js:721:13

1542946005432	Marionette	INFO	Stopped listening on port 41051
[Parent 15409, Gecko_IOThread] WARNING: pipe error (63): Connection reset by peer: file /build/firefox-Qjvn2X/firefox-63.0.3+build1/ipc/chromium/src/chrome/common/ipc_channel_posix.cc, line 356
1542946024378	mozrunner::runner	INFO	Running command: "/usr/bin/firefox" "-marionette" "-headless" "-foreground" "-no-remote" "-profile" "/tmp/rust_mozprofile.hBOxcg7HO0mt"
*** You are running in headless mode.
1542946025448	Marionette	INFO	Listening on port 44187
1542946025482	Marionette	WARN	TLS certificate errors will be ignored for this session
JavaScript warning: https://www.googletagmanager.com/gtag/js?id=DC-5832323, line 87: unreachable code after return statement
JavaScript warning: https://www.googletagmanager.com/gtag/js?id=DC-5832323, line 147: unreachable code after return statement
JavaScript warning: https://www.googletagmanager.com/gtag/js?id=DC-5832323, line 147: unreachable code after return statement
JavaScript warning: https://www.googletagmanager.com/gtag/js?id=DC-5832323, line 147: unreachable code after return statement
JavaScript warning: https://www.googletagmanager.com/gtag/js?id=DC-5832323, line 87: unreachable code after return statement
JavaScript warning: https://www.googletagmanager.com/gtag/js?id=DC-5832323, line 147: unreachable code after return statement
console.error: BroadcastService: 
  receivedBroadcastMessage: handler for
  remote-settings/monitor_changes
  threw error:
  Message: Error: Polling for changes failed: NetworkError when attempting to fetch resource..
  Stack:
    remoteSettingsFunction/remoteSettings.pollChanges@resource://services-settings/remote-settings.js:721:13

1542946061097	Marionette	INFO	Stopped listening on port 44187
[Parent 15691, Gecko_IOThread] WARNING: pipe error (63): Connection reset by peer: file /build/firefox-Qjvn2X/firefox-63.0.3+build1/ipc/chromium/src/chrome/common/ipc_channel_posix.cc, line 356
1542950461095	mozrunner::runner	INFO	Running command: "/usr/bin/firefox" "-marionette" "-foreground" "-no-remote" "-profile" "/tmp/rust_mozprofile.yGMszO0D05S5"
1542950462229	Marionette	INFO	Listening on port 34205
1542950462299	Marionette	WARN	TLS certificate errors will be ignored for this session
JavaScript warning: https://www.googletagmanager.com/gtag/js?id=DC-5832323, line 87: unreachable code after return statement
JavaScript warning: https://www.googletagmanager.com/gtag/js?id=DC-5832323, line 147: unreachable code after return statement
JavaScript warning: https://www.googletagmanager.com/gtag/js?id=DC-5832323, line 147: unreachable code after return statement
JavaScript warning: https://www.googletagmanager.com/gtag/js?id=DC-5832323, line 147: unreachable code after return statement
JavaScript warning: https://www.googletagmanager.com/gtag/js?id=DC-5832323, line 87: unreachable code after return statement
JavaScript warning: https://www.googletagmanager.com/gtag/js?id=DC-5832323, line 147: unreachable code after return statement
1542950502380	Marionette	INFO	Stopped listening on port 34205
[Parent 18365, Gecko_IOThread] WARNING: pipe error (77): Connection reset by peer: file /build/firefox-Qjvn2X/firefox-63.0.3+build1/ipc/chromium/src/chrome/common/ipc_channel_posix.cc, line 356
1542950730474	mozrunner::runner	INFO	Running command: "/usr/bin/firefox" "-marionette" "-foreground" "-no-remote" "-profile" "/tmp/rust_mozprofile.4scfv14CLA0R"
1542950731614	Marionette	INFO	Listening on port 37427
1542950731677	Marionette	WARN	TLS certificate errors will be ignored for this session
JavaScript warning: https://www.googletagmanager.com/gtag/js?id=DC-5832323, line 87: unreachable code after return statement
JavaScript warning: https://www.googletagmanager.com/gtag/js?id=DC-5832323, line 147: unreachable code after return statement
JavaScript warning: https://www.googletagmanager.com/gtag/js?id=DC-5832323, line 147: unreachable code after return statement
JavaScript warning: https://www.googletagmanager.com/gtag/js?id=DC-5832323, line 147: unreachable code after return statement
JavaScript warning: https://www.googletagmanager.com/gtag/js?id=DC-5832323, line 87: unreachable code after return statement
JavaScript warning: https://www.googletagmanager.com/gtag/js?id=DC-5832323, line 147: unreachable code after return statement
1542950769128	Marionette	INFO	Stopped listening on port 37427
[Parent 18751, Gecko_IOThread] WARNING: pipe error (77): Connection reset by peer: file /build/firefox-Qjvn2X/firefox-63.0.3+build1/ipc/chromium/src/chrome/common/ipc_channel_posix.cc, line 356
